2020-09-07 22:45:21,676 [main] WARN  org.eclipse.jgit.util.FS - Exception caught during execution of command '[git, --version]' in '/usr/bin', return code '1', error message 'xcrun: error: invalid active developer path (/Library/Developer/CommandLineTools), missing xcrun at: /Library/Developer/CommandLineTools/usr/bin/xcrun
'
2020-09-07 22:45:32,347 [Worker-10: Loading available Gradle versions] INFO  o.e.b.c.i.u.g.PublishedGradleVersions - Gradle version information cache is out-of-date. Trying to update.
2020-09-07 22:47:02,975 [Worker-21: Update Maven projects configuration] INFO  o.e.m.c.i.p.ProjectConfigurationManager - Update started
2020-09-07 22:47:08,619 [Worker-21: Update Maven projects configuration] INFO  o.e.m.c.i.l.LifecycleMappingFactory - Using org.maven.ide.eclipse.wtp.WarLifecycleMapping lifecycle mapping for MavenProject: laiproject:jupiter:0.0.1-SNAPSHOT @ /Users/HongXu/Documents/LaiOfferProject/2020Summer/Job+/apache-tomcat-9.0.35/wtpwebapps/jupiter/META-INF/maven/laiproject/jupiter/pom.xml.
2020-09-07 22:47:16,524 [Worker-21: Update Maven projects configuration] INFO  o.e.m.j.i.AbstractJavaProjectConfigurator - Adding source folder /laiproject_jupiter/src/main/java
2020-09-07 22:47:16,525 [Worker-21: Update Maven projects configuration] INFO  o.e.m.j.i.AbstractJavaProjectConfigurator - Adding source folder /laiproject_jupiter/src/test/java
2020-09-07 22:47:17,886 [Worker-16: Building] INFO  o.e.m.c.i.l.LifecycleMappingFactory - Using org.maven.ide.eclipse.wtp.WarLifecycleMapping lifecycle mapping for MavenProject: laiproject:jupiter:0.0.1-SNAPSHOT @ /Users/HongXu/Documents/LaiOfferProject/2020Summer/Job+/Eclipse/jupiter/pom.xml.
2020-09-07 22:47:20,267 [Worker-16: Building] WARN  o.e.m.c.i.embedder.EclipseLogger - Using platform encoding (UTF-8 actually) to copy filtered resources, i.e. build is platform dependent!
2020-09-07 22:47:20,281 [Worker-16: Building] INFO  o.e.m.c.i.embedder.EclipseLogger - skip non existing resourceDirectory /Users/HongXu/Documents/LaiOfferProject/2020Summer/Job+/Eclipse/jupiter/src/main/resources
2020-09-07 22:47:20,285 [Worker-16: Building] WARN  o.e.m.c.i.embedder.EclipseLogger - Using platform encoding (UTF-8 actually) to copy filtered resources, i.e. build is platform dependent!
2020-09-07 22:47:20,286 [Worker-16: Building] INFO  o.e.m.c.i.embedder.EclipseLogger - skip non existing resourceDirectory /Users/HongXu/Documents/LaiOfferProject/2020Summer/Job+/Eclipse/jupiter/src/test/resources
2020-09-07 22:47:24,033 [Worker-19: Building] WARN  o.e.m.c.i.embedder.EclipseLogger - Using platform encoding (UTF-8 actually) to copy filtered resources, i.e. build is platform dependent!
2020-09-07 22:47:24,034 [Worker-19: Building] INFO  o.e.m.c.i.embedder.EclipseLogger - skip non existing resourceDirectory /Users/HongXu/Documents/LaiOfferProject/2020Summer/Job+/Eclipse/jupiter/src/main/resources
2020-09-07 22:47:24,036 [Worker-19: Building] WARN  o.e.m.c.i.embedder.EclipseLogger - Using platform encoding (UTF-8 actually) to copy filtered resources, i.e. build is platform dependent!
2020-09-07 22:47:24,037 [Worker-19: Building] INFO  o.e.m.c.i.embedder.EclipseLogger - skip non existing resourceDirectory /Users/HongXu/Documents/LaiOfferProject/2020Summer/Job+/Eclipse/jupiter/src/test/resources
2020-09-07 22:47:24,643 [Worker-19: Building] WARN  o.e.m.c.i.embedder.EclipseLogger - Using platform encoding (UTF-8 actually) to copy filtered resources, i.e. build is platform dependent!
2020-09-07 22:47:24,644 [Worker-19: Building] INFO  o.e.m.c.i.embedder.EclipseLogger - skip non existing resourceDirectory /Users/HongXu/Documents/LaiOfferProject/2020Summer/Job+/apache-tomcat-9.0.35/wtpwebapps/jupiter/META-INF/maven/laiproject/jupiter/src/main/resources
2020-09-07 22:47:24,647 [Worker-19: Building] WARN  o.e.m.c.i.embedder.EclipseLogger - Using platform encoding (UTF-8 actually) to copy filtered resources, i.e. build is platform dependent!
2020-09-07 22:47:24,648 [Worker-19: Building] INFO  o.e.m.c.i.embedder.EclipseLogger - skip non existing resourceDirectory /Users/HongXu/Documents/LaiOfferProject/2020Summer/Job+/apache-tomcat-9.0.35/wtpwebapps/jupiter/META-INF/maven/laiproject/jupiter/src/test/resources
2020-09-07 22:47:24,658 [Worker-21: Update Maven projects configuration] INFO  o.e.m.c.i.p.ProjectConfigurationManager - Update completed: 21 sec
